
--- NEW SESSION: 03/09/2023 16:28:43 ---
/whisker/cavity/SurfacePressureConstraint.cavityVolume = nan(snan)
/whisker/cavity/SurfacePressureConstraint.volumeGrowth = nan(snan)
/whisker/cavity/SurfacePressureConstraint.pressure = 0.000891

--- NEW SESSION: 03/09/2023 16:28:43 ---
/whisker/cavity/SurfacePressureConstraint.cavityVolume = nan(snan)
/whisker/cavity/SurfacePressureConstraint.volumeGrowth = nan(snan)
/whisker/cavity/SurfacePressureConstraint.pressure = 0.000891
/whisker/cavity/SurfacePressureConstraint.cavityVolume = nan(snan)
/whisker/cavity/SurfacePressureConstraint.volumeGrowth = nan(snan)
/whisker/cavity/SurfacePressureConstraint.pressure = 0.000891

--- NEW SESSION: 03/09/2023 16:32:54 ---
/whisker/cavity/SurfacePressureConstraint.cavityVolume = 7422.87
/whisker/cavity/SurfacePressureConstraint.volumeGrowth = 1288.61

--- NEW SESSION: 03/09/2023 16:42:59 ---
/whisker/cavity/SurfacePressureConstraint.cavityVolume = 6727.17
/whisker/cavity/SurfacePressureConstraint.pressure = 0.000501
/whisker/cavity/SurfacePressureConstraint.volumeGrowth = 592.906
/whisker/cavity/SurfacePressureConstraint.cavityVolume = 6727.17
/whisker/cavity/SurfacePressureConstraint.pressure = 0.000501
/whisker/cavity/SurfacePressureConstraint.volumeGrowth = 592.906
/whisker/cavity/SurfacePressureConstraint.cavityVolume = 6727.17
/whisker/cavity/SurfacePressureConstraint.pressure = 0.000501
/whisker/cavity/SurfacePressureConstraint.volumeGrowth = 592.906
